TN:
SF:firebase\firebase.ts
FN:38,loginWithEmailAndPassword
FN:49,registerWithEmailAndPassword
FN:74,logOut
FNF:3
FNH:2
FNDA:2,loginWithEmailAndPassword
FNDA:2,registerWithEmailAndPassword
FNDA:0,logOut
DA:1,1
DA:2,1
DA:3,1
DA:4,1
DA:5,1
DA:6,1
DA:7,1
DA:8,1
DA:9,1
DA:10,1
DA:11,1
DA:12,1
DA:13,1
DA:14,1
DA:15,1
DA:16,1
DA:17,1
DA:18,1
DA:19,1
DA:20,1
DA:21,1
DA:22,1
DA:23,1
DA:24,1
DA:25,1
DA:26,1
DA:27,1
DA:28,1
DA:29,1
DA:30,1
DA:31,1
DA:32,1
DA:33,1
DA:34,1
DA:35,1
DA:36,1
DA:37,1
DA:38,1
DA:39,2
DA:40,2
DA:41,1
DA:42,1
DA:43,1
DA:44,1
DA:45,1
DA:46,1
DA:47,2
DA:48,1
DA:49,1
DA:50,2
DA:51,2
DA:52,2
DA:53,2
DA:54,2
DA:55,2
DA:56,2
DA:57,1
DA:58,1
DA:59,1
DA:60,1
DA:61,1
DA:62,1
DA:63,1
DA:64,1
DA:65,0
DA:66,0
DA:67,1
DA:68,1
DA:69,1
DA:70,1
DA:71,1
DA:72,2
DA:73,1
DA:74,1
DA:75,0
DA:76,0
DA:77,1
DA:78,1
DA:79,1
DA:80,1
DA:81,1
DA:82,1
DA:83,1
DA:84,1
LF:84
LH:80
BRDA:38,0,0,2
BRDA:40,1,0,1
BRDA:49,2,0,2
BRDA:56,3,0,1
BRDA:64,4,0,0
BRF:5
BRH:4
end_of_record
TN:
SF:firebase\methods\getCategories.ts
FN:15,getCategories
FNF:1
FNH:1
FNDA:5,getCategories
DA:1,1
DA:2,1
DA:3,1
DA:4,1
DA:5,1
DA:6,1
DA:7,1
DA:8,1
DA:9,1
DA:10,1
DA:11,1
DA:12,1
DA:13,1
DA:14,1
DA:15,1
DA:16,5
DA:17,5
DA:18,5
DA:19,5
DA:20,5
DA:21,5
DA:22,5
DA:23,5
DA:24,5
DA:25,5
DA:26,2
DA:27,5
DA:28,5
DA:29,5
DA:30,2
DA:31,2
DA:32,2
DA:33,2
DA:34,2
DA:35,2
DA:36,2
DA:37,2
DA:38,2
DA:39,2
DA:40,0
DA:41,0
DA:42,0
DA:43,0
DA:44,0
DA:45,0
DA:46,0
DA:47,0
DA:48,0
DA:49,0
DA:50,2
DA:51,2
DA:52,2
DA:53,2
DA:54,5
DA:55,5
DA:56,5
DA:57,0
DA:58,0
DA:59,5
LF:59
LH:47
BRDA:15,0,0,5
BRDA:29,1,0,2
BRDA:39,2,0,0
BRDA:56,3,0,0
BRDA:25,4,0,2
BRF:5
BRH:3
end_of_record
TN:
SF:firebase\methods\getCategoryByName.ts
FN:5,getCategoryByName
FNF:1
FNH:0
FNDA:0,getCategoryByName
DA:1,1
DA:2,1
DA:3,1
DA:4,1
DA:5,1
DA:6,0
DA:7,0
DA:8,0
DA:9,0
DA:10,0
DA:11,0
DA:12,0
DA:13,0
DA:14,0
DA:15,0
LF:15
LH:5
BRF:0
BRH:0
end_of_record
TN:
SF:firebase\methods\getUser.ts
FN:4,getUser
FNF:1
FNH:1
FNDA:9,getUser
DA:1,1
DA:2,1
DA:3,1
DA:4,1
DA:5,9
DA:6,9
DA:7,9
DA:8,9
DA:9,6
DA:10,6
LF:10
LH:10
BRDA:4,0,0,9
BRDA:8,1,0,6
BRF:2
BRH:2
end_of_record
TN:
SF:firebase\methods\insertCategory.ts
FN:10,insertCategory
FNF:1
FNH:1
FNDA:2,insertCategory
DA:1,1
DA:2,1
DA:3,1
DA:4,1
DA:5,1
DA:6,1
DA:7,1
DA:8,1
DA:9,1
DA:10,1
DA:11,2
DA:12,1
DA:13,1
DA:14,1
DA:15,1
DA:16,1
DA:17,1
DA:18,1
DA:19,1
DA:20,1
DA:21,0
DA:22,0
DA:23,0
DA:24,0
DA:25,0
DA:26,2
LF:26
LH:21
BRDA:10,0,0,2
BRDA:11,1,0,1
BRDA:20,2,0,0
BRF:3
BRH:2
end_of_record
TN:
SF:firebase\methods\insertSubcategory.ts
FN:11,insertSubcategory
FNF:1
FNH:1
FNDA:1,insertSubcategory
DA:1,1
DA:2,1
DA:3,1
DA:4,1
DA:5,1
DA:6,1
DA:7,1
DA:8,1
DA:9,1
DA:10,1
DA:11,1
DA:12,1
DA:13,0
DA:14,0
DA:15,0
DA:16,0
DA:17,0
DA:18,0
DA:19,0
DA:20,0
DA:21,0
DA:22,0
DA:23,0
DA:24,0
DA:25,0
DA:26,0
DA:27,0
DA:28,0
DA:29,0
DA:30,1
LF:30
LH:13
BRDA:11,0,0,1
BRDA:12,1,0,0
BRF:2
BRH:1
end_of_record
TN:
SF:firebase\methods\updateCost.ts
FN:14,updateCosts
FNF:1
FNH:1
FNDA:1,updateCosts
DA:1,1
DA:2,1
DA:3,1
DA:4,1
DA:5,1
DA:6,1
DA:7,1
DA:8,1
DA:9,1
DA:10,1
DA:11,1
DA:12,1
DA:13,1
DA:14,1
DA:15,1
DA:16,0
DA:17,0
DA:18,0
DA:19,1
DA:20,1
DA:21,1
DA:22,1
DA:23,0
DA:24,0
DA:25,0
DA:26,0
DA:27,0
DA:28,0
DA:29,0
DA:30,0
DA:31,1
LF:31
LH:20
BRDA:14,0,0,1
BRDA:15,1,0,0
BRDA:19,2,0,0
BRDA:22,3,0,0
BRF:4
BRH:1
end_of_record
TN:
SF:src\App.tsx
FN:29,App
FNF:1
FNH:1
FNDA:9,App
DA:1,1
DA:2,1
DA:3,1
DA:4,1
DA:5,1
DA:6,1
DA:7,1
DA:8,1
DA:9,1
DA:10,1
DA:11,1
DA:12,1
DA:13,1
DA:14,1
DA:15,1
DA:16,1
DA:17,1
DA:18,1
DA:19,1
DA:20,1
DA:21,1
DA:22,1
DA:23,1
DA:24,1
DA:25,1
DA:26,1
DA:27,1
DA:28,1
DA:29,1
DA:30,9
DA:31,9
DA:32,9
DA:33,9
DA:34,9
DA:35,9
DA:36,9
DA:37,9
DA:38,9
DA:39,3
DA:40,3
DA:41,3
DA:42,3
DA:43,3
DA:44,3
DA:45,3
DA:46,3
DA:47,3
DA:48,3
DA:49,5
DA:50,5
DA:51,9
DA:52,9
DA:53,9
DA:54,9
DA:55,3
DA:56,3
DA:57,3
DA:58,5
DA:59,5
DA:60,9
DA:61,9
DA:62,9
DA:63,9
DA:64,9
DA:65,9
DA:66,9
DA:67,9
DA:68,9
DA:69,9
DA:70,9
DA:71,9
DA:72,9
DA:73,9
DA:74,9
DA:75,9
DA:76,9
DA:77,9
DA:78,9
DA:79,9
DA:80,9
DA:81,9
DA:82,9
DA:83,9
DA:84,9
DA:85,9
DA:86,9
DA:87,9
DA:88,9
LF:88
LH:88
BRDA:12,0,0,1
BRDA:12,1,0,1
BRDA:13,2,0,1
BRDA:13,3,0,1
BRDA:14,4,0,1
BRDA:14,5,0,1
BRDA:16,6,0,1
BRDA:16,7,0,1
BRDA:29,8,0,9
BRDA:38,9,0,3
BRDA:49,10,0,5
BRDA:54,11,0,3
BRDA:58,12,0,5
BRF:13
BRH:13
end_of_record
TN:
SF:src\component\Categories\Categories.tsx
FN:16,CategoriesComponent
FN:41,onCloseClick
FN:50,onClick
FN:59,onChange
FN:85,onChange
FN:116,onChange
FN:126,onClick
FNF:7
FNH:3
FNDA:6,CategoriesComponent
FNDA:1,onCloseClick
FNDA:1,onClick
FNDA:0,onChange
FNDA:0,onChange
FNDA:0,onChange
FNDA:0,onClick
DA:1,1
DA:2,1
DA:3,1
DA:4,1
DA:5,1
DA:6,1
DA:7,1
DA:8,1
DA:9,1
DA:10,1
DA:11,1
DA:12,1
DA:13,1
DA:14,1
DA:15,1
DA:16,1
DA:17,6
DA:18,6
DA:19,6
DA:20,6
DA:21,6
DA:22,6
DA:23,6
DA:24,6
DA:25,6
DA:26,6
DA:27,6
DA:28,6
DA:29,6
DA:30,1
DA:31,1
DA:32,0
DA:33,0
DA:34,1
DA:35,6
DA:36,6
DA:37,6
DA:38,6
DA:39,6
DA:40,1
DA:41,1
DA:42,1
DA:43,5
DA:44,5
DA:45,6
DA:46,6
DA:47,6
DA:48,6
DA:49,6
DA:50,6
DA:51,1
DA:52,1
DA:53,6
DA:54,6
DA:55,6
DA:56,6
DA:57,6
DA:58,6
DA:59,6
DA:60,0
DA:61,0
DA:62,6
DA:63,6
DA:64,6
DA:65,6
DA:66,6
DA:67,6
DA:68,6
DA:69,6
DA:70,0
DA:71,0
DA:72,0
DA:73,0
DA:74,0
DA:75,0
DA:76,0
DA:77,0
DA:78,0
DA:79,0
DA:80,0
DA:81,6
DA:82,6
DA:83,6
DA:84,0
DA:85,0
DA:86,0
DA:87,0
DA:88,0
DA:89,0
DA:90,0
DA:91,0
DA:92,0
DA:93,0
DA:94,0
DA:95,0
DA:96,0
DA:97,0
DA:98,0
DA:99,0
DA:100,0
DA:101,0
DA:102,0
DA:103,0
DA:104,0
DA:105,0
DA:106,0
DA:107,0
DA:108,0
DA:109,6
DA:110,6
DA:111,6
DA:112,6
DA:113,0
DA:114,0
DA:115,0
DA:116,0
DA:117,0
DA:118,0
DA:119,0
DA:120,0
DA:121,0
DA:122,0
DA:123,0
DA:124,0
DA:125,0
DA:126,0
DA:127,0
DA:128,0
DA:129,0
DA:130,0
DA:131,0
DA:132,0
DA:133,0
DA:134,0
DA:135,0
DA:136,0
DA:137,0
DA:138,0
DA:139,0
DA:140,0
DA:141,0
DA:142,6
DA:143,6
DA:144,6
DA:145,6
DA:146,6
DA:147,6
DA:148,6
DA:149,1
DA:150,1
LF:150
LH:81
BRDA:16,0,0,6
BRDA:39,1,0,1
BRDA:43,2,0,5
BRDA:70,3,0,0
BRDA:83,4,0,0
BRDA:112,5,0,0
BRDA:19,6,0,10
BRDA:24,7,0,10
BRDA:29,8,0,1
BRDA:30,9,0,0
BRDA:31,10,0,0
BRDA:41,11,0,1
BRDA:50,12,0,1
BRF:13
BRH:8
end_of_record
TN:
SF:src\component\Categories\CategoryModal\CategoryModal.tsx
FN:16,CategoryModal
FN:25,onClick
FN:42,onChange
FN:48,onClick
FNF:4
FNH:3
FNDA:8,CategoryModal
FNDA:0,onClick
FNDA:6,onChange
FNDA:1,onClick
DA:1,1
DA:2,1
DA:3,1
DA:4,1
DA:5,1
DA:6,1
DA:7,1
DA:8,1
DA:9,1
DA:10,1
DA:11,1
DA:12,1
DA:13,1
DA:14,1
DA:15,1
DA:16,1
DA:17,8
DA:18,8
DA:19,8
DA:20,8
DA:21,8
DA:22,8
DA:23,8
DA:24,8
DA:25,8
DA:26,0
DA:27,0
DA:28,8
DA:29,8
DA:30,8
DA:31,8
DA:32,8
DA:33,8
DA:34,8
DA:35,8
DA:36,8
DA:37,8
DA:38,8
DA:39,8
DA:40,8
DA:41,8
DA:42,8
DA:43,6
DA:44,6
DA:45,8
DA:46,8
DA:47,8
DA:48,8
DA:49,1
DA:50,1
DA:51,1
DA:52,1
DA:53,1
DA:54,1
DA:55,1
DA:56,1
DA:57,1
DA:58,1
DA:59,1
DA:60,8
DA:61,8
DA:62,8
DA:63,8
DA:64,8
DA:65,8
DA:66,8
DA:67,8
DA:68,8
DA:69,1
DA:70,1
LF:70
LH:68
BRDA:16,0,0,8
BRDA:42,1,0,6
BRDA:48,2,0,1
BRF:3
BRH:3
end_of_record
TN:
SF:src\component\Category\Category.tsx
FN:12,getSubCategorySelect
FN:46,CategoryComponent
FN:55,onChange
FNF:3
FNH:1
FNDA:0,getSubCategorySelect
FNDA:3,CategoryComponent
FNDA:0,onChange
DA:1,1
DA:2,1
DA:3,1
DA:4,1
DA:5,1
DA:6,1
DA:7,1
DA:8,1
DA:9,1
DA:10,1
DA:11,1
DA:12,1
DA:13,0
DA:14,0
DA:15,0
DA:16,0
DA:17,0
DA:18,0
DA:19,0
DA:20,0
DA:21,0
DA:22,0
DA:23,0
DA:24,0
DA:25,0
DA:26,0
DA:27,0
DA:28,0
DA:29,0
DA:30,0
DA:31,0
DA:32,0
DA:33,0
DA:34,0
DA:35,0
DA:36,0
DA:37,0
DA:38,0
DA:39,0
DA:40,0
DA:41,0
DA:42,0
DA:43,0
DA:44,1
DA:45,1
DA:46,1
DA:47,3
DA:48,3
DA:49,3
DA:50,3
DA:51,3
DA:52,3
DA:53,3
DA:54,3
DA:55,3
DA:56,0
DA:57,0
DA:58,0
DA:59,0
DA:60,3
DA:61,3
DA:62,3
DA:63,3
DA:64,3
DA:65,0
DA:66,0
DA:67,0
DA:68,0
DA:69,3
DA:70,3
DA:71,3
DA:72,3
DA:73,1
DA:74,1
LF:74
LH:35
BRDA:46,0,0,3
BRDA:63,1,0,0
BRDA:64,2,0,0
BRF:3
BRH:1
end_of_record
TN:
SF:src\component\Chart\Chart.tsx
FN:26,ChartComponent
FNF:1
FNH:1
FNDA:1,ChartComponent
DA:1,1
DA:2,1
DA:3,1
DA:4,1
DA:5,1
DA:6,1
DA:7,1
DA:8,1
DA:9,1
DA:10,1
DA:11,1
DA:12,1
DA:13,1
DA:14,1
DA:15,1
DA:16,1
DA:17,1
DA:18,1
DA:19,1
DA:20,1
DA:21,1
DA:22,1
DA:23,1
DA:24,1
DA:25,1
DA:26,1
DA:27,1
DA:28,1
DA:29,1
DA:30,1
DA:31,1
DA:32,1
DA:33,1
DA:34,1
DA:35,1
DA:36,1
DA:37,1
DA:38,1
DA:39,1
DA:40,1
DA:41,1
DA:42,1
DA:43,1
DA:44,1
DA:45,1
DA:46,1
DA:47,1
DA:48,1
DA:49,1
DA:50,1
DA:51,1
DA:52,1
DA:53,1
DA:54,1
DA:55,1
DA:56,1
DA:57,1
DA:58,1
DA:59,1
DA:60,1
DA:61,1
DA:62,1
DA:63,1
DA:64,1
DA:65,1
DA:66,1
DA:67,1
DA:68,1
DA:69,1
LF:69
LH:69
BRDA:26,0,0,1
BRDA:30,1,0,1
BRDA:36,2,0,1
BRF:3
BRH:3
end_of_record
TN:
SF:src\component\Dashboard\Dashboard.tsx
FN:19,modalAddSubcategory
FN:27,Dashboard
FN:58,onClick
FN:86,onCloseClick
FNF:4
FNH:2
FNDA:0,modalAddSubcategory
FNDA:15,Dashboard
FNDA:1,onClick
FNDA:0,onCloseClick
DA:1,1
DA:2,1
DA:3,1
DA:4,1
DA:5,1
DA:6,1
DA:7,1
DA:8,1
DA:9,1
DA:10,1
DA:11,1
DA:12,1
DA:13,1
DA:14,1
DA:15,1
DA:16,1
DA:17,1
DA:18,1
DA:19,1
DA:20,0
DA:21,0
DA:22,0
DA:23,0
DA:24,0
DA:25,0
DA:26,1
DA:27,1
DA:28,15
DA:29,15
DA:30,15
DA:31,15
DA:32,15
DA:33,15
DA:34,15
DA:35,15
DA:36,15
DA:37,15
DA:38,15
DA:39,15
DA:40,15
DA:41,3
DA:42,3
DA:43,3
DA:44,3
DA:45,15
DA:46,15
DA:47,15
DA:48,15
DA:49,15
DA:50,15
DA:51,15
DA:52,15
DA:53,15
DA:54,15
DA:55,14
DA:56,14
DA:57,14
DA:58,14
DA:59,1
DA:60,1
DA:61,14
DA:62,14
DA:63,14
DA:64,14
DA:65,0
DA:66,0
DA:67,15
DA:68,15
DA:69,15
DA:70,4
DA:71,10
DA:72,10
DA:73,10
DA:74,10
DA:75,10
DA:76,10
DA:77,10
DA:78,10
DA:79,10
DA:80,15
DA:81,15
DA:82,15
DA:83,15
DA:84,15
DA:85,2
DA:86,2
DA:87,0
DA:88,0
DA:89,2
DA:90,15
DA:91,15
DA:92,15
DA:93,15
DA:94,1
DA:95,1
LF:95
LH:85
BRDA:15,0,0,1
BRDA:15,1,0,1
BRDA:27,2,0,15
BRDA:54,3,0,14
BRDA:65,4,0,0
BRDA:69,5,0,4
BRDA:71,6,0,10
BRDA:84,7,0,2
BRDA:33,8,0,22
BRDA:36,9,0,22
BRDA:40,10,0,3
BRDA:41,11,0,0
BRDA:42,12,0,0
BRDA:58,13,0,1
BRF:14
BRH:11
end_of_record
TN:
SF:src\component\Login\Login.tsx
FN:8,Login
FN:31,onChange
FN:38,onChange
FN:44,onClick
FNF:4
FNH:1
FNDA:5,Login
FNDA:0,onChange
FNDA:0,onChange
FNDA:0,onClick
DA:1,1
DA:2,1
DA:3,1
DA:4,1
DA:5,1
DA:6,1
DA:7,1
DA:8,1
DA:9,5
DA:10,5
DA:11,5
DA:12,5
DA:13,5
DA:14,5
DA:15,4
DA:16,2
DA:17,2
DA:18,2
DA:19,4
DA:20,0
DA:21,0
DA:22,5
DA:23,5
DA:24,5
DA:25,5
DA:26,5
DA:27,5
DA:28,5
DA:29,5
DA:30,5
DA:31,5
DA:32,5
DA:33,5
DA:34,5
DA:35,5
DA:36,5
DA:37,5
DA:38,5
DA:39,5
DA:40,5
DA:41,5
DA:42,5
DA:43,5
DA:44,5
DA:45,5
DA:46,5
DA:47,5
DA:48,5
DA:49,5
DA:50,5
DA:51,5
DA:52,5
DA:53,5
DA:54,5
DA:55,5
DA:56,5
DA:57,5
DA:58,5
LF:58
LH:56
BRDA:8,0,0,5
BRDA:14,1,0,4
BRDA:15,2,0,2
BRDA:19,3,0,0
BRF:4
BRH:3
end_of_record
TN:
SF:src\component\Modal\Modal.tsx
FN:22,Modal
FN:38,onClick
FN:66,onClick
FN:83,onChange
FN:98,onCategoryChecked
FN:101,onSubcategoryChecked
FN:114,onChange
FN:125,onClick
FNF:8
FNH:1
FNDA:4,Modal
FNDA:0,onClick
FNDA:0,onClick
FNDA:0,onChange
FNDA:0,onCategoryChecked
FNDA:0,onSubcategoryChecked
FNDA:0,onChange
FNDA:0,onClick
DA:1,1
DA:2,1
DA:3,1
DA:4,1
DA:5,1
DA:6,1
DA:7,1
DA:8,1
DA:9,1
DA:10,1
DA:11,1
DA:12,1
DA:13,1
DA:14,1
DA:15,1
DA:16,1
DA:17,1
DA:18,1
DA:19,1
DA:20,1
DA:21,1
DA:22,1
DA:23,4
DA:24,4
DA:25,4
DA:26,4
DA:27,4
DA:28,4
DA:29,4
DA:30,4
DA:31,4
DA:32,4
DA:33,4
DA:34,0
DA:35,0
DA:36,0
DA:37,0
DA:38,0
DA:39,0
DA:40,0
DA:41,0
DA:42,0
DA:43,0
DA:44,0
DA:45,0
DA:46,0
DA:47,0
DA:48,0
DA:49,0
DA:50,0
DA:51,0
DA:52,0
DA:53,0
DA:54,0
DA:55,0
DA:56,0
DA:57,0
DA:58,0
DA:59,0
DA:60,0
DA:61,3
DA:62,3
DA:63,3
DA:64,3
DA:65,3
DA:66,3
DA:67,0
DA:68,0
DA:69,3
DA:70,3
DA:71,3
DA:72,3
DA:73,3
DA:74,3
DA:75,3
DA:76,3
DA:77,3
DA:78,3
DA:79,3
DA:80,3
DA:81,3
DA:82,3
DA:83,3
DA:84,0
DA:85,0
DA:86,3
DA:87,3
DA:88,3
DA:89,3
DA:90,3
DA:91,3
DA:92,3
DA:93,3
DA:94,3
DA:95,3
DA:96,3
DA:97,3
DA:98,3
DA:99,0
DA:100,0
DA:101,3
DA:102,0
DA:103,0
DA:104,3
DA:105,3
DA:106,3
DA:107,3
DA:108,3
DA:109,3
DA:110,3
DA:111,3
DA:112,3
DA:113,3
DA:114,3
DA:115,0
DA:116,0
DA:117,0
DA:118,0
DA:119,0
DA:120,0
DA:121,0
DA:122,3
DA:123,3
DA:124,3
DA:125,3
DA:126,0
DA:127,0
DA:128,0
DA:129,0
DA:130,0
DA:131,0
DA:132,0
DA:133,0
DA:134,0
DA:135,0
DA:136,0
DA:137,0
DA:138,0
DA:139,0
DA:140,3
DA:141,3
DA:142,3
DA:143,3
DA:144,3
DA:145,3
DA:146,3
DA:147,3
DA:148,1
DA:149,1
LF:149
LH:93
BRDA:22,0,0,4
BRDA:33,1,0,0
BRDA:60,2,0,3
BRDA:24,3,0,5
BRDA:90,4,0,3
BRF:5
BRH:4
end_of_record
TN:
SF:src\component\Register\Register.tsx
FN:8,Register
FN:15,register
FN:37,onChange
FN:44,onChange
FN:51,onChange
FNF:5
FNH:5
FNDA:32,Register
FNDA:1,register
FNDA:5,onChange
FNDA:15,onChange
FNDA:9,onChange
DA:1,1
DA:2,1
DA:3,1
DA:4,1
DA:5,1
DA:6,1
DA:7,1
DA:8,1
DA:9,32
DA:10,32
DA:11,32
DA:12,32
DA:13,32
DA:14,32
DA:15,32
DA:16,1
DA:17,1
DA:18,32
DA:19,32
DA:20,32
DA:21,3
DA:22,1
DA:23,1
DA:24,2
DA:25,3
DA:26,1
DA:27,1
DA:28,32
DA:29,32
DA:30,32
DA:31,32
DA:32,32
DA:33,32
DA:34,32
DA:35,32
DA:36,32
DA:37,32
DA:38,32
DA:39,32
DA:40,32
DA:41,32
DA:42,32
DA:43,32
DA:44,32
DA:45,32
DA:46,32
DA:47,32
DA:48,32
DA:49,32
DA:50,32
DA:51,32
DA:52,32
DA:53,32
DA:54,32
DA:55,32
DA:56,32
DA:57,32
DA:58,32
DA:59,32
DA:60,32
DA:61,1
DA:62,1
LF:62
LH:62
BRDA:8,0,0,32
BRDA:15,1,0,1
BRDA:16,2,0,0
BRDA:17,3,0,0
BRDA:20,4,0,3
BRDA:21,5,0,1
BRDA:23,6,0,2
BRDA:25,7,0,1
BRDA:37,8,0,5
BRDA:44,9,0,15
BRDA:51,10,0,9
BRF:11
BRH:9
end_of_record
TN:
SF:src\component\Statistics\Statistics.tsx
FN:22,getFieldValues
FN:30,getProp
FN:49,prepare
FN:72,Statistics
FN:111,onChange
FN:144,onChange
FNF:6
FNH:4
FNDA:3,getFieldValues
FNDA:3,getProp
FNDA:3,prepare
FNDA:4,Statistics
FNDA:0,onChange
FNDA:0,onChange
DA:1,1
DA:2,1
DA:3,1
DA:4,1
DA:5,1
DA:6,1
DA:7,1
DA:8,1
DA:9,1
DA:10,1
DA:11,1
DA:12,1
DA:13,1
DA:14,1
DA:15,1
DA:16,1
DA:17,1
DA:18,1
DA:19,1
DA:20,1
DA:21,1
DA:22,3
DA:23,3
DA:24,3
DA:25,3
DA:26,3
DA:27,3
DA:28,3
DA:29,3
DA:30,3
DA:31,3
DA:32,12
DA:33,12
DA:34,6
DA:35,12
DA:36,0
DA:37,0
DA:38,0
DA:39,0
DA:40,0
DA:41,0
DA:42,0
DA:43,12
DA:44,3
DA:45,3
DA:46,3
DA:47,3
DA:48,1
DA:49,1
DA:50,3
DA:51,3
DA:52,3
DA:53,3
DA:54,3
DA:55,3
DA:56,0
DA:57,0
DA:58,0
DA:59,0
DA:60,0
DA:61,0
DA:62,0
DA:63,0
DA:64,0
DA:65,0
DA:66,3
DA:67,3
DA:68,3
DA:69,3
DA:70,3
DA:71,1
DA:72,1
DA:73,4
DA:74,4
DA:75,4
DA:76,4
DA:77,4
DA:78,4
DA:79,4
DA:80,4
DA:81,4
DA:82,0
DA:83,0
DA:84,0
DA:85,0
DA:86,0
DA:87,4
DA:88,4
DA:89,4
DA:90,1
DA:91,1
DA:92,1
DA:93,1
DA:94,1
DA:95,1
DA:96,0
DA:97,0
DA:98,0
DA:99,0
DA:100,4
DA:101,4
DA:102,4
DA:103,4
DA:104,4
DA:105,4
DA:106,4
DA:107,4
DA:108,4
DA:109,4
DA:110,4
DA:111,4
DA:112,0
DA:113,0
DA:114,0
DA:115,0
DA:116,0
DA:117,0
DA:118,0
DA:119,0
DA:120,0
DA:121,0
DA:122,0
DA:123,0
DA:124,0
DA:125,0
DA:126,4
DA:127,4
DA:128,4
DA:129,4
DA:130,4
DA:131,3
DA:132,3
DA:133,3
DA:134,3
DA:135,3
DA:136,4
DA:137,4
DA:138,4
DA:139,4
DA:140,4
DA:141,4
DA:142,4
DA:143,4
DA:144,4
DA:145,0
DA:146,0
DA:147,0
DA:148,0
DA:149,4
DA:150,4
DA:151,4
DA:152,4
DA:153,4
DA:154,4
DA:155,4
DA:156,4
DA:157,4
DA:158,4
DA:159,3
DA:160,0
DA:161,0
DA:162,4
DA:163,4
DA:164,4
DA:165,4
DA:166,4
DA:167,4
DA:168,4
DA:169,4
DA:170,4
DA:171,1
DA:172,1
LF:172
LH:126
BRDA:8,0,0,1
BRDA:8,1,0,1
BRDA:9,2,0,1
BRDA:9,3,0,1
BRDA:22,4,0,3
BRDA:30,5,0,3
BRDA:31,6,0,12
BRDA:33,7,0,6
BRDA:35,8,0,0
BRDA:49,9,0,3
BRDA:50,10,0,3
BRDA:72,11,0,4
BRDA:82,12,0,0
BRDA:87,13,0,3
BRDA:158,14,0,3
BRDA:160,15,0,0
BRDA:165,16,0,3
BRDA:165,17,0,0
BRDA:74,18,0,6
BRDA:89,19,0,1
BRDA:95,20,0,0
BRDA:130,21,0,3
BRF:22
BRH:17
end_of_record
TN:
SF:src\component\Table\Table.tsx
FN:13,Table
FNF:1
FNH:1
FNDA:1,Table
DA:1,1
DA:2,1
DA:3,1
DA:4,1
DA:5,1
DA:6,1
DA:7,1
DA:8,1
DA:9,1
DA:10,1
DA:11,1
DA:12,1
DA:13,1
DA:14,1
DA:15,1
DA:16,1
DA:17,1
DA:18,1
DA:19,1
DA:20,1
DA:21,1
DA:22,1
DA:23,1
DA:24,1
DA:25,1
DA:26,1
DA:27,1
DA:28,1
DA:29,1
DA:30,1
DA:31,1
DA:32,1
DA:33,1
DA:34,1
LF:34
LH:34
BRDA:13,0,0,1
BRDA:17,1,0,1
BRDA:24,2,0,1
BRF:3
BRH:3
end_of_record
TN:
SF:src\modules\getDate.ts
FN:1,getDateFormated
FN:9,getDate
FNF:2
FNH:2
FNDA:14,getDateFormated
FNDA:2,getDate
DA:1,1
DA:2,14
DA:3,14
DA:4,14
DA:5,14
DA:6,14
DA:7,14
DA:8,1
DA:9,1
DA:10,2
DA:11,2
LF:11
LH:11
BRDA:1,0,0,14
BRDA:9,1,0,2
BRF:2
BRH:2
end_of_record
TN:
SF:src\store\dashboardReducer.ts
FN:17,reducers
FN:19,updateCostsAction.create.asyncThunk.pending.state.loading
FN:30,pending
FN:33,rejected
FN:36,fulfilled
FNF:5
FNH:3
FNDA:5,reducers
FNDA:1,updateCostsAction.create.asyncThunk.pending.state.loading
FNDA:1,pending
FNDA:0,rejected
FNDA:0,fulfilled
DA:1,1
DA:2,1
DA:3,1
DA:4,1
DA:5,1
DA:6,1
DA:7,1
DA:8,1
DA:9,1
DA:10,1
DA:11,1
DA:12,1
DA:13,1
DA:14,1
DA:15,1
DA:16,1
DA:17,1
DA:18,5
DA:19,5
DA:20,1
DA:21,1
DA:22,0
DA:23,0
DA:24,0
DA:25,0
DA:26,0
DA:27,0
DA:28,5
DA:29,5
DA:30,5
DA:31,1
DA:32,5
DA:33,5
DA:34,0
DA:35,5
DA:36,5
DA:37,0
DA:38,0
DA:39,5
DA:40,5
DA:41,5
DA:42,1
DA:43,1
DA:44,1
DA:45,1
LF:45
LH:36
BRDA:17,0,0,5
BRDA:19,1,0,1
BRDA:21,2,0,0
BRDA:30,3,0,1
BRF:4
BRH:3
end_of_record
TN:
SF:src\store\index.ts
FNF:0
FNH:0
DA:1,1
DA:2,1
DA:3,1
DA:4,1
DA:5,1
DA:6,1
DA:7,1
DA:8,1
DA:9,1
DA:10,1
DA:11,1
DA:12,1
DA:13,1
DA:14,1
DA:15,1
DA:16,1
DA:17,1
DA:18,1
DA:19,1
LF:19
LH:19
BRF:0
BRH:0
end_of_record
TN:
SF:src\store\settingsReducer.ts
FN:17,reducers
FN:19,fetchCategories.create.asyncThunk.pending.state.loading
FN:35,pending
FN:38,rejected
FN:41,fulfilled
FN:48,addCategory.create.asyncThunk.pending.state.loading
FN:64,pending
FN:67,rejected
FN:70,fulfilled
FN:82,addSubCategory.create.asyncThunk.pending.state.loading
FN:97,pending
FN:100,rejected
FN:103,fulfilled
FNF:13
FNH:8
FNDA:5,reducers
FNDA:5,fetchCategories.create.asyncThunk.pending.state.loading
FNDA:5,pending
FNDA:0,rejected
FNDA:5,fulfilled
FNDA:2,addCategory.create.asyncThunk.pending.state.loading
FNDA:2,pending
FNDA:0,rejected
FNDA:0,fulfilled
FNDA:1,addSubCategory.create.asyncThunk.pending.state.loading
FNDA:1,pending
FNDA:0,rejected
FNDA:0,fulfilled
DA:1,1
DA:2,1
DA:3,1
DA:4,1
DA:5,1
DA:6,1
DA:7,1
DA:8,1
DA:9,1
DA:10,1
DA:11,1
DA:12,1
DA:13,1
DA:14,1
DA:15,1
DA:16,1
DA:17,1
DA:18,5
DA:19,5
DA:20,5
DA:21,5
DA:22,5
DA:23,5
DA:24,5
DA:25,5
DA:26,0
DA:27,0
DA:28,0
DA:29,0
DA:30,0
DA:31,0
DA:32,0
DA:33,5
DA:34,5
DA:35,5
DA:36,5
DA:37,5
DA:38,5
DA:39,0
DA:40,5
DA:41,5
DA:42,5
DA:43,5
DA:44,5
DA:45,5
DA:46,5
DA:47,5
DA:48,5
DA:49,2
DA:50,2
DA:51,2
DA:52,2
DA:53,2
DA:54,0
DA:55,0
DA:56,0
DA:57,0
DA:58,0
DA:59,0
DA:60,0
DA:61,0
DA:62,5
DA:63,5
DA:64,5
DA:65,2
DA:66,5
DA:67,5
DA:68,0
DA:69,5
DA:70,5
DA:71,0
DA:72,0
DA:73,0
DA:74,0
DA:75,0
DA:76,0
DA:77,0
DA:78,0
DA:79,5
DA:80,5
DA:81,5
DA:82,5
DA:83,1
DA:84,1
DA:85,0
DA:86,0
DA:87,0
DA:88,0
DA:89,0
DA:90,0
DA:91,0
DA:92,0
DA:93,0
DA:94,0
DA:95,5
DA:96,5
DA:97,5
DA:98,1
DA:99,5
DA:100,5
DA:101,0
DA:102,5
DA:103,5
DA:104,0
DA:105,0
DA:106,0
DA:107,0
DA:108,0
DA:109,0
DA:110,0
DA:111,0
DA:112,0
DA:113,5
DA:114,5
DA:115,5
DA:116,1
DA:117,1
DA:118,1
DA:119,1
DA:120,1
LF:120
LH:75
BRDA:17,0,0,5
BRDA:19,1,0,5
BRDA:25,2,0,0
BRDA:35,3,0,5
BRDA:41,4,0,5
BRDA:48,5,0,2
BRDA:53,6,0,0
BRDA:64,7,0,2
BRDA:82,8,0,1
BRDA:84,9,0,0
BRDA:97,10,0,1
BRF:11
BRH:8
end_of_record
TN:
SF:src\store\thunk\thunk.ts
FNF:0
FNH:0
DA:1,1
DA:2,1
DA:3,1
DA:4,1
DA:5,1
LF:5
LH:5
BRF:0
BRH:0
end_of_record
